The system is: Windows - 10.0.18362 - AMD64
Compiling the C compiler identification source file "CMakeCCompilerId.c" succeeded.
Compiler: C:/Program Files (x86)/Microsoft Visual Studio/2017/BuildTools/VC/Tools/MSVC/14.16.27023/bin/Hostx86/x86/cl.exe 
Build flags: 
Id flags:  

The output was:
0
Оптимизирующий компилятор Microsoft (R) C/C++ версии 19.16.27041 для x86
(C) Корпорация Майкрософт (Microsoft Corporation).  Все права защищены.

CMakeCCompilerId.c
Microsoft (R) Incremental Linker Version 14.16.27041.0
Copyright (C) Microsoft Corporation.  All rights reserved.

/out:CMakeCCompilerId.exe 
CMakeCCompilerId.obj 


Compilation of the C compiler identification source "CMakeCCompilerId.c" produced "CMakeCCompilerId.exe"

Compilation of the C compiler identification source "CMakeCCompilerId.c" produced "CMakeCCompilerId.obj"

The C compiler identification is MSVC, found in "P:/PLAYGROUNDS/suai-labs-inf/c/cmake-build-debug/CMakeFiles/3.16.5/CompilerIdC/CMakeCCompilerId.exe"

Determining if the C compiler works passed with the following output:
Change Dir: P:/PLAYGROUNDS/suai-labs-inf/c/cmake-build-debug/CMakeFiles/CMakeTmp

Run Build Command(s):nmake /nologo cmTC_c2744\fast && 	"C:\Program Files (x86)\Microsoft Visual Studio\2017\BuildTools\VC\Tools\MSVC\14.16.27023\bin\HostX86\x86\nmake.exe" -f CMakeFiles\cmTC_c2744.dir\build.make /nologo -L                  CMakeFiles\cmTC_c2744.dir\build
Building C object CMakeFiles/cmTC_c2744.dir/testCCompiler.c.obj
	C:\PROGRA~2\MICROS~1\2017\BUILDT~1\VC\Tools\MSVC\1416~1.270\bin\Hostx86\x86\cl.exe @C:\Users\p-294\AppData\Local\Temp\nmD518.tmp
testCCompiler.c
Linking C executable cmTC_c2744.exe
	"C:\Program Files\JetBrains\CLion 2020.1\bin\cmake\win\bin\cmake.exe" -E vs_link_exe --intdir=CMakeFiles\cmTC_c2744.dir --rc=C:\PROGRA~2\WI3CF2~1\10\bin\100177~1.0\x86\rc.exe --mt=C:\PROGRA~2\WI3CF2~1\10\bin\100177~1.0\x86\mt.exe --manifests  -- C:\PROGRA~2\MICROS~1\2017\BUILDT~1\VC\Tools\MSVC\1416~1.270\bin\Hostx86\x86\link.exe /nologo @CMakeFiles\cmTC_c2744.dir\objects1.rsp @C:\Users\p-294\AppData\Local\Temp\nmD548.tmp



Detecting C compiler ABI info compiled with the following output:
Change Dir: P:/PLAYGROUNDS/suai-labs-inf/c/cmake-build-debug/CMakeFiles/CMakeTmp

Run Build Command(s):nmake /nologo cmTC_dbcca\fast && 	"C:\Program Files (x86)\Microsoft Visual Studio\2017\BuildTools\VC\Tools\MSVC\14.16.27023\bin\HostX86\x86\nmake.exe" -f CMakeFiles\cmTC_dbcca.dir\build.make /nologo -L                  CMakeFiles\cmTC_dbcca.dir\build
Building C object CMakeFiles/cmTC_dbcca.dir/CMakeCCompilerABI.c.obj
	C:\PROGRA~2\MICROS~1\2017\BUILDT~1\VC\Tools\MSVC\1416~1.270\bin\Hostx86\x86\cl.exe @C:\Users\p-294\AppData\Local\Temp\nmD73B.tmp
CMakeCCompilerABI.c
Linking C executable cmTC_dbcca.exe
	"C:\Program Files\JetBrains\CLion 2020.1\bin\cmake\win\bin\cmake.exe" -E vs_link_exe --intdir=CMakeFiles\cmTC_dbcca.dir --rc=C:\PROGRA~2\WI3CF2~1\10\bin\100177~1.0\x86\rc.exe --mt=C:\PROGRA~2\WI3CF2~1\10\bin\100177~1.0\x86\mt.exe --manifests  -- C:\PROGRA~2\MICROS~1\2017\BUILDT~1\VC\Tools\MSVC\1416~1.270\bin\Hostx86\x86\link.exe /nologo @CMakeFiles\cmTC_dbcca.dir\objects1.rsp @C:\Users\p-294\AppData\Local\Temp\nmD76B.tmp



